Determining if the pthread_create exist failed with the following output:
Change Dir: /home/eloi/bigactorrte/ros_workspace/build/CMakeFiles/CMakeTmp

Run Build Command:/usr/bin/make "cmTryCompileExec3411108697/fast"
/usr/bin/make -f CMakeFiles/cmTryCompileExec3411108697.dir/build.make CMakeFiles/cmTryCompileExec3411108697.dir/build
make[1]: Entering directory `/home/eloi/bigactorrte/ros_workspace/build/CMakeFiles/CMakeTmp'
/usr/bin/cmake -E cmake_progress_report /home/eloi/bigactorrte/ros_workspace/build/CMakeFiles/CMakeTmp/CMakeFiles 1
Building C object CMakeFiles/cmTryCompileExec3411108697.dir/CheckSymbolExists.c.o
/usr/bin/cc    -o CMakeFiles/cmTryCompileExec3411108697.dir/CheckSymbolExists.c.o   -c /home/eloi/bigactorrte/ros_workspace/build/CMakeFiles/CMakeTmp/CheckSymbolExists.c
Linking C executable cmTryCompileExec3411108697
/usr/bin/cmake -E cmake_link_script CMakeFiles/cmTryCompileExec3411108697.dir/link.txt --verbose=1
/usr/bin/cc       CMakeFiles/cmTryCompileExec3411108697.dir/CheckSymbolExists.c.o  -o cmTryCompileExec3411108697 -rdynamic 
CMakeFiles/cmTryCompileExec3411108697.dir/CheckSymbolExists.c.o: In function `main':
CheckSymbolExists.c:(.text+0x16): undefined reference to `pthread_create'
collect2: error: ld returned 1 exit status
make[1]: *** [cmTryCompileExec3411108697] Error 1
make[1]: Leaving directory `/home/eloi/bigactorrte/ros_workspace/build/CMakeFiles/CMakeTmp'
make: *** [cmTryCompileExec3411108697/fast] Error 2

File /home/eloi/bigactorrte/ros_workspace/build/CMakeFiles/CMakeTmp/CheckSymbolExists.c:
/* */
#include <pthread.h>

int main(int argc, char** argv)
{
  (void)argv;
#ifndef pthread_create
  return ((int*)(&pthread_create))[argc];
#else
  (void)argc;
  return 0;
#endif
}

Determining if the function pthread_create exists in the pthreads failed with the following output:
Change Dir: /home/eloi/bigactorrte/ros_workspace/build/CMakeFiles/CMakeTmp

Run Build Command:/usr/bin/make "cmTryCompileExec258044232/fast"
/usr/bin/make -f CMakeFiles/cmTryCompileExec258044232.dir/build.make CMakeFiles/cmTryCompileExec258044232.dir/build
make[1]: Entering directory `/home/eloi/bigactorrte/ros_workspace/build/CMakeFiles/CMakeTmp'
/usr/bin/cmake -E cmake_progress_report /home/eloi/bigactorrte/ros_workspace/build/CMakeFiles/CMakeTmp/CMakeFiles 1
Building C object CMakeFiles/cmTryCompileExec258044232.dir/CheckFunctionExists.c.o
/usr/bin/cc   -DCHECK_FUNCTION_EXISTS=pthread_create   -o CMakeFiles/cmTryCompileExec258044232.dir/CheckFunctionExists.c.o   -c /usr/share/cmake-2.8/Modules/CheckFunctionExists.c
Linking C executable cmTryCompileExec258044232
/usr/bin/cmake -E cmake_link_script CMakeFiles/cmTryCompileExec258044232.dir/link.txt --verbose=1
/usr/bin/cc   -DCHECK_FUNCTION_EXISTS=pthread_create    CMakeFiles/cmTryCompileExec258044232.dir/CheckFunctionExists.c.o  -o cmTryCompileExec258044232 -rdynamic -lpthreads 
/usr/bin/ld: cannot find -lpthreads
collect2: error: ld returned 1 exit status
make[1]: *** [cmTryCompileExec258044232] Error 1
make[1]: Leaving directory `/home/eloi/bigactorrte/ros_workspace/build/CMakeFiles/CMakeTmp'
make: *** [cmTryCompileExec258044232/fast] Error 2


